CUnit-devel
anaconda
astyle-devel
clang-analyzer
ctags
dconf-editor
doxygen
dpdk-devel
dracut-live
elfutils-libelf-devel
emacs-nox
fedora-workstation-repositories
fio
gcc-c++
gitg
gitlab-runner
gnome-power-manager
gnome-tweaks
google-chrome-stable
graphviz
kernel-modules-extra
langpacks-en
lcov
libaio-devel
libiscsi-devel
libpmemblk-devel
libunwind-devel
libuuid-devel
meld
memtest86+
mscgen
nasm
numactl-devel
nvme-cli
openssl-devel
perf
pypy
pypy-devel
python2-configshell
python2-cpuinfo
python2-pep8
python2-pexpect
python2-pygpgme
python3-Cython
python3-configshell
python3-devel
python3-dnf-plugin-tracer
python3-pexpect
python3-pytest-cov
rdma-core-devel
redhat-rpm-config
sg3_utils
syslinux
uuid-devel
valgrind
yum-utils
zsh
